This file contains any messages produced by compilers while
running configure, to aid debugging if configure makes a mistake.

It was created by configure, which was
generated by GNU Autoconf 2.68.  Invocation command line was

  $ ./configure --with-krb5kadm

## --------- ##
## Platform. ##
## --------- ##

hostname = uti-1
uname -m = x86_64
uname -r = 3.0.0-12-server
uname -s = Linux
uname -v = #20-Ubuntu SMP Fri Oct 7 16:36:30 UTC 2011

/usr/bin/uname -p = unknown
/bin/uname -X     = unknown

/bin/arch              = unknown
/usr/bin/arch -k       = unknown
/usr/convex/getsysinfo = unknown
/usr/bin/hostinfo      = unknown
/bin/machine           = unknown
/usr/bin/oslevel       = unknown
/bin/universe          = unknown

PATH: /usr/local/sbin
PATH: /usr/local/bin
PATH: /usr/sbin
PATH: /usr/bin
PATH: /sbin
PATH: /bin
PATH: /usr/games


## ----------- ##
## Core tests. ##
## ----------- ##

configure:2061: checking for grep that handles long lines and -e
configure:2119: result: /bin/grep
configure:2124: checking for egrep
configure:2186: result: /bin/grep -E
configure:2191: checking for a sed that does not truncate output
configure:2255: result: /bin/sed
configure:2389: checking for cc
configure:2405: found /usr/bin/cc
configure:2416: result: cc
configure:2447: checking for C compiler version
configure:2456: cc --version >&5
cc (Ubuntu/Linaro 4.6.1-9ubuntu3) 4.6.1
Copyright (C) 2011 Free Software Foundation, Inc.
This is free software; see the source for copying conditions.  There is NO
warranty; not even for MERCHANTABILITY or FITNESS FOR A PARTICULAR PURPOSE.

configure:2467: $? = 0
configure:2456: cc -v >&5
Using built-in specs.
COLLECT_GCC=cc
COLLECT_LTO_WRAPPER=/usr/lib/gcc/x86_64-linux-gnu/4.6.1/lto-wrapper
Target: x86_64-linux-gnu
Configured with: ../src/configure -v --with-pkgversion='Ubuntu/Linaro 4.6.1-9ubuntu3' --with-bugurl=file:///usr/share/doc/gcc-4.6/README.Bugs --enable-languages=c,c++,fortran,objc,obj-c++,go --prefix=/usr --program-suffix=-4.6 --enable-shared --enable-linker-build-id --with-system-zlib --libexecdir=/usr/lib --without-included-gettext --enable-threads=posix --with-gxx-include-dir=/usr/include/c++/4.6 --libdir=/usr/lib --enable-nls --with-sysroot=/ --enable-clocale=gnu --enable-libstdcxx-debug --enable-libstdcxx-time=yes --enable-plugin --enable-objc-gc --disable-werror --with-arch-32=i686 --with-tune=generic --enable-checking=release --build=x86_64-linux-gnu --host=x86_64-linux-gnu --target=x86_64-linux-gnu
Thread model: posix
gcc version 4.6.1 (Ubuntu/Linaro 4.6.1-9ubuntu3) 
configure:2467: $? = 0
configure:2456: cc -V >&5
cc: error: unrecognized option '-V'
cc: fatal error: no input files
compilation terminated.
configure:2467: $? = 4
configure:2456: cc -qversion >&5
cc: error: unrecognized option '-qversion'
cc: fatal error: no input files
compilation terminated.
configure:2467: $? = 4
configure:2487: checking whether the C compiler works
configure:2509: cc    conftest.c  >&5
configure:2513: $? = 0
configure:2561: result: yes
configure:2564: checking for C compiler default output file name
configure:2566: result: a.out
configure:2572: checking for suffix of executables
configure:2579: cc -o conftest    conftest.c  >&5
configure:2583: $? = 0
configure:2605: result: 
configure:2627: checking whether we are cross compiling
configure:2635: cc -o conftest    conftest.c  >&5
configure:2639: $? = 0
configure:2646: ./conftest
configure:2650: $? = 0
configure:2665: result: no
configure:2670: checking for suffix of object files
configure:2692: cc -c   conftest.c >&5
configure:2696: $? = 0
configure:2717: result: o
configure:2721: checking whether we are using the GNU C compiler
configure:2740: cc -c   conftest.c >&5
configure:2740: $? = 0
configure:2749: result: yes
configure:2758: checking whether cc accepts -g
configure:2778: cc -c -g  conftest.c >&5
configure:2778: $? = 0
configure:2819: result: yes
configure:2836: checking for cc option to accept ISO C89
configure:2900: cc  -c -g -O2  conftest.c >&5
configure:2900: $? = 0
configure:2913: result: none needed
configure:2939: checking how to run the C preprocessor
configure:2970: cc -E  conftest.c
configure:2970: $? = 0
configure:2984: cc -E  conftest.c
conftest.c:9:28: fatal error: ac_nonexistent.h: No such file or directory
compilation terminated.
configure:2984: $? = 1
configure: failed program was:
| /* confdefs.h */
| #define PACKAGE_NAME ""
| #define PACKAGE_TARNAME ""
| #define PACKAGE_VERSION ""
| #define PACKAGE_STRING ""
| #define PACKAGE_BUGREPORT ""
| #define PACKAGE_URL ""
| /* end confdefs.h.  */
| #include <ac_nonexistent.h>
configure:3009: result: cc -E
configure:3029: cc -E  conftest.c
configure:3029: $? = 0
configure:3043: cc -E  conftest.c
conftest.c:9:28: fatal error: ac_nonexistent.h: No such file or directory
compilation terminated.
configure:3043: $? = 1
configure: failed program was:
| /* confdefs.h */
| #define PACKAGE_NAME ""
| #define PACKAGE_TARNAME ""
| #define PACKAGE_VERSION ""
| #define PACKAGE_STRING ""
| #define PACKAGE_BUGREPORT ""
| #define PACKAGE_URL ""
| /* end confdefs.h.  */
| #include <ac_nonexistent.h>
configure:3074: checking for icc
configure:3083: result: no
configure:3097: checking for suncc
configure:3106: result: no
configure:3124: checking whether cc understands -c and -o together
configure:3152: cc -c conftest.c -o conftest2.o >&5
configure:3156: $? = 0
configure:3162: cc -c conftest.c -o conftest2.o >&5
configure:3166: $? = 0
configure:3221: result: yes
configure:3235: checking for system library directory
configure:3250: result: lib
configure:3257: checking if compiler supports -R
configure:3276: cc -o conftest -g -O2   conftest.c -R /usr/lib  >&5
cc: error: unrecognized option '-R'
configure:3276: $? = 1
configure: failed program was:
| /* confdefs.h */
| #define PACKAGE_NAME ""
| #define PACKAGE_TARNAME ""
| #define PACKAGE_VERSION ""
| #define PACKAGE_STRING ""
| #define PACKAGE_BUGREPORT ""
| #define PACKAGE_URL ""
| /* end confdefs.h.  */
| 
| int
| main ()
| {
| 
|   ;
|   return 0;
| }
configure:3286: result: no
configure:3291: checking if compiler supports -Wl,-rpath,
configure:3310: cc -o conftest -g -O2   conftest.c -Wl,-rpath,/usr/lib  >&5
configure:3310: $? = 0
configure:3320: result: yes
configure:3365: checking build system type
configure:3379: result: x86_64-unknown-linux-gnu
configure:3399: checking host system type
configure:3412: result: x86_64-unknown-linux-gnu
configure:3432: checking target system type
configure:3445: result: x86_64-unknown-linux-gnu
configure:3548: checking for PHP prefix
configure:3550: result: /usr
configure:3552: checking for PHP includes
configure:3554: result: -I/usr/include/php5 -I/usr/include/php5/main -I/usr/include/php5/TSRM -I/usr/include/php5/Zend -I/usr/include/php5/ext -I/usr/include/php5/ext/date/lib
configure:3556: checking for PHP extension directory
configure:3558: result: /usr/lib/php5/20090626
configure:3560: checking for PHP installed headers prefix
configure:3562: result: /usr/include/php5
configure:3565: checking if debug is enabled
configure:3591: result: no
configure:3594: checking if zts is enabled
configure:3620: result: no
configure:3694: checking for re2c
configure:3710: found /usr/bin/re2c
configure:3721: result: re2c
configure:3730: checking for re2c version
configure:3744: result: 0.13.5 (ok)
configure:3763: checking for gawk
configure:3794: result: no
configure:3763: checking for nawk
configure:3780: found /usr/bin/nawk
configure:3791: result: nawk
configure:3814: checking if nawk is broken
configure:3821: result: no
configure:3834: checking for kerberos support
configure:3874: result: yes, shared
configure:3883: checking for kerberos KADM5 support
configure:3898: result: yes
configure:3908: checking whether KADM is exported
configure:3911: result: yes
configure:4037: checking for MIT kerberos/GSSAPI libraries in /usr/ /usr/local
configure:4103: result: found
configure:4152: checking for krb5_cc_new_unique in -lkrb5
configure:4177: cc -o conftest -g -O2   conftest.c -lkrb5  -L /usr//lib/x86_64-linux-gnu/mit-krb5    >&5
configure:4177: $? = 0
configure:4186: result: yes
configure:4195: checking for krb5_get_error_message in -lkrb5
configure:4220: cc -o conftest -g -O2   conftest.c -lkrb5  -L /usr//lib/x86_64-linux-gnu/mit-krb5    >&5
configure:4220: $? = 0
configure:4229: result: yes
configure:4238: checking for krb5_random_confounder in -lkrb5
configure:4263: cc -o conftest -g -O2   conftest.c -lkrb5  -L /usr//lib/x86_64-linux-gnu/mit-krb5    >&5
/tmp/cckKebag.o: In function `main':
/var/www/ucreauth/krb5/conftest.c:24: undefined reference to `krb5_random_confounder'
collect2: ld returned 1 exit status
configure:4263: $? = 1
configure: failed program was:
| /* confdefs.h */
| #define PACKAGE_NAME ""
| #define PACKAGE_TARNAME ""
| #define PACKAGE_VERSION ""
| #define PACKAGE_STRING ""
| #define PACKAGE_BUGREPORT ""
| #define PACKAGE_URL ""
| #define HAVE_OFFICIAL_KADM5 /**/
| #define HAVE_KRB5_MIT /**/
| #define HAVE_KRB5_CC_NEW_UNQIUE /**/
| #define HAVE_KRB5_GET_ERROR_MESSAGE /**/
| /* end confdefs.h.  */
| 
| /* Override any GCC internal prototype to avoid an error.
|    Use char because int might match the return type of a GCC
|    builtin and then its argument prototype would still apply.  */
| #ifdef __cplusplus
| extern "C"
| #endif
| char krb5_random_confounder ();
| int
| main ()
| {
| return krb5_random_confounder ();
|   ;
|   return 0;
| }
configure:4272: result: no
configure:4282: checking for krb5_c_random_make_octets in -lkrb5
configure:4307: cc -o conftest -g -O2   conftest.c -lkrb5  -L /usr//lib/x86_64-linux-gnu/mit-krb5    >&5
/tmp/cclqMfjr.o: In function `main':
/var/www/ucreauth/krb5/conftest.c:24: undefined reference to `krb5_c_random_make_octets'
collect2: ld returned 1 exit status
configure:4307: $? = 1
configure: failed program was:
| /* confdefs.h */
| #define PACKAGE_NAME ""
| #define PACKAGE_TARNAME ""
| #define PACKAGE_VERSION ""
| #define PACKAGE_STRING ""
| #define PACKAGE_BUGREPORT ""
| #define PACKAGE_URL ""
| #define HAVE_OFFICIAL_KADM5 /**/
| #define HAVE_KRB5_MIT /**/
| #define HAVE_KRB5_CC_NEW_UNQIUE /**/
| #define HAVE_KRB5_GET_ERROR_MESSAGE /**/
| /* end confdefs.h.  */
| 
| /* Override any GCC internal prototype to avoid an error.
|    Use char because int might match the return type of a GCC
|    builtin and then its argument prototype would still apply.  */
| #ifdef __cplusplus
| extern "C"
| #endif
| char krb5_c_random_make_octets ();
| int
| main ()
| {
| return krb5_c_random_make_octets ();
|   ;
|   return 0;
| }
configure:4316: result: no
configure:5116: checking how to print strings
configure:5143: result: printf
configure:5164: checking for a sed that does not truncate output
configure:5228: result: /bin/sed
configure:5246: checking for fgrep
configure:5308: result: /bin/grep -F
configure:5343: checking for ld used by cc
configure:5410: result: /usr/bin/ld
configure:5417: checking if the linker (/usr/bin/ld) is GNU ld
configure:5432: result: yes
configure:5444: checking for BSD- or MS-compatible name lister (nm)
configure:5493: result: /usr/bin/nm -B
configure:5623: checking the name lister (/usr/bin/nm -B) interface
configure:5630: cc -c -Wall -g -O2  conftest.c >&5
configure:5633: /usr/bin/nm -B "conftest.o"
configure:5636: output
0000000000000000 B some_variable
configure:5643: result: BSD nm
configure:5646: checking whether ln -s works
configure:5650: result: yes
configure:5658: checking the maximum length of command line arguments
configure:5783: result: 1572864
configure:5800: checking whether the shell understands some XSI constructs
configure:5810: result: yes
configure:5814: checking whether the shell understands "+="
configure:5820: result: yes
configure:5855: checking how to convert x86_64-unknown-linux-gnu file names to x86_64-unknown-linux-gnu format
configure:5895: result: func_convert_file_noop
configure:5902: checking how to convert x86_64-unknown-linux-gnu file names to toolchain format
configure:5922: result: func_convert_file_noop
configure:5929: checking for /usr/bin/ld option to reload object files
configure:5936: result: -r
configure:6010: checking for objdump
configure:6026: found /usr/bin/objdump
configure:6037: result: objdump
configure:6069: checking how to recognize dependent libraries
configure:6271: result: pass_all
configure:6356: checking for dlltool
configure:6386: result: no
configure:6416: checking how to associate runtime and link libraries
configure:6443: result: printf %s\n
configure:6503: checking for ar
configure:6519: found /usr/bin/ar
configure:6530: result: ar
configure:6567: checking for archiver @FILE support
configure:6584: cc -c -Wall -g -O2  conftest.c >&5
configure:6584: $? = 0
configure:6587: ar cru libconftest.a @conftest.lst >&5
configure:6590: $? = 0
configure:6595: ar cru libconftest.a @conftest.lst >&5
ar: conftest.o: No such file or directory
configure:6598: $? = 1
configure:6610: result: @
configure:6668: checking for strip
configure:6684: found /usr/bin/strip
configure:6695: result: strip
configure:6767: checking for ranlib
configure:6783: found /usr/bin/ranlib
configure:6794: result: ranlib
configure:6871: checking for gawk
configure:6898: result: nawk
configure:6938: checking command to parse /usr/bin/nm -B output from cc object
configure:7057: cc -c -Wall -g -O2  conftest.c >&5
configure:7060: $? = 0
configure:7064: /usr/bin/nm -B conftest.o \| sed -n -e 's/^.*[ ]\([ABCDGIRSTW][ABCDGIRSTW]*\)[ ][ ]*\([_A-Za-z][_A-Za-z0-9]*\)$/\1 \2 \2/p' | sed '/ __gnu_lto/d' \> conftest.nm
configure:7067: $? = 0
configure:7133: cc -o conftest -Wall -g -O2   conftest.c conftstm.o >&5
configure:7136: $? = 0
configure:7174: result: ok
configure:7211: checking for sysroot
configure:7241: result: no
configure:7318: cc -c -Wall -g -O2  conftest.c >&5
configure:7321: $? = 0
configure:7484: checking for mt
configure:7500: found /bin/mt
configure:7511: result: mt
configure:7534: checking if mt is a manifest tool
configure:7540: mt '-?'
configure:7548: result: no
configure:8175: checking for ANSI C header files
configure:8195: cc -c -Wall -g -O2  conftest.c >&5
configure:8195: $? = 0
configure:8268: cc -o conftest -Wall -g -O2   conftest.c  >&5
configure:8268: $? = 0
configure:8268: ./conftest
configure:8268: $? = 0
configure:8279: result: yes
configure:8292: checking for sys/types.h
configure:8292: cc -c -Wall -g -O2  conftest.c >&5
configure:8292: $? = 0
configure:8292: result: yes
configure:8292: checking for sys/stat.h
configure:8292: cc -c -Wall -g -O2  conftest.c >&5
configure:8292: $? = 0
configure:8292: result: yes
configure:8292: checking for stdlib.h
configure:8292: cc -c -Wall -g -O2  conftest.c >&5
configure:8292: $? = 0
configure:8292: result: yes
configure:8292: checking for string.h
configure:8292: cc -c -Wall -g -O2  conftest.c >&5
configure:8292: $? = 0
configure:8292: result: yes
configure:8292: checking for memory.h
configure:8292: cc -c -Wall -g -O2  conftest.c >&5
configure:8292: $? = 0
configure:8292: result: yes
configure:8292: checking for strings.h
configure:8292: cc -c -Wall -g -O2  conftest.c >&5
configure:8292: $? = 0
configure:8292: result: yes
configure:8292: checking for inttypes.h
configure:8292: cc -c -Wall -g -O2  conftest.c >&5
configure:8292: $? = 0
configure:8292: result: yes
configure:8292: checking for stdint.h
configure:8292: cc -c -Wall -g -O2  conftest.c >&5
configure:8292: $? = 0
configure:8292: result: yes
configure:8292: checking for unistd.h
configure:8292: cc -c -Wall -g -O2  conftest.c >&5
configure:8292: $? = 0
configure:8292: result: yes
configure:8306: checking for dlfcn.h
configure:8306: cc -c -Wall -g -O2  conftest.c >&5
configure:8306: $? = 0
configure:8306: result: yes
configure:8493: checking for objdir
configure:8508: result: .libs
configure:8779: checking if cc supports -fno-rtti -fno-exceptions
configure:8797: cc -c -Wall -g -O2  -fno-rtti -fno-exceptions conftest.c >&5
cc1: warning: command line option '-fno-rtti' is valid for C++/ObjC++ but not for C [enabled by default]
configure:8801: $? = 0
configure:8814: result: no
configure:9124: checking for cc option to produce PIC
configure:9131: result: -fPIC -DPIC
configure:9139: checking if cc PIC flag -fPIC -DPIC works
configure:9157: cc -c -Wall -g -O2  -fPIC -DPIC -DPIC conftest.c >&5
configure:9161: $? = 0
configure:9174: result: yes
configure:9203: checking if cc static flag -static works
configure:9231: result: yes
configure:9246: checking if cc supports -c -o file.o
configure:9267: cc -c -Wall -g -O2  -o out/conftest2.o conftest.c >&5
configure:9271: $? = 0
configure:9293: result: yes
configure:9301: checking if cc supports -c -o file.o
configure:9348: result: yes
configure:9381: checking whether the cc linker (/usr/bin/ld -m elf_x86_64) supports shared libraries
configure:10543: result: yes
configure:10580: checking whether -lc should be explicitly linked in
configure:10588: cc -c -Wall -g -O2  conftest.c >&5
configure:10591: $? = 0
configure:10606: cc -shared  -fPIC -DPIC conftest.o  -v -Wl,-soname -Wl,conftest -o conftest 2\>\&1 \| /bin/grep  -lc  \>/dev/null 2\>\&1
configure:10609: $? = 0
configure:10623: result: no
configure:10788: checking dynamic linker characteristics
configure:11303: cc -o conftest -Wall -g -O2   -Wl,-rpath -Wl,/foo conftest.c  >&5
configure:11303: $? = 0
configure:11537: result: GNU/Linux ld.so
configure:11644: checking how to hardcode library paths into programs
configure:11669: result: immediate
configure:12209: checking whether stripping libraries is possible
configure:12214: result: yes
configure:12249: checking if libtool supports shared libraries
configure:12251: result: yes
configure:12254: checking whether to build shared libraries
configure:12275: result: yes
configure:12278: checking whether to build static libraries
configure:12282: result: no
configure:12556: creating ./config.status

## ---------------------- ##
## Running config.status. ##
## ---------------------- ##

This file was extended by config.status, which was
generated by GNU Autoconf 2.68.  Invocation command line was

  CONFIG_FILES    = 
  CONFIG_HEADERS  = 
  CONFIG_LINKS    = 
  CONFIG_COMMANDS = 
  $ ./config.status 

on uti-1

config.status:903: creating config.h
config.status:1007: executing libtool commands

## ---------------- ##
## Cache variables. ##
## ---------------- ##

ac_cv_build=x86_64-unknown-linux-gnu
ac_cv_c_compiler_gnu=yes
ac_cv_env_CC_set=
ac_cv_env_CC_value=
ac_cv_env_CFLAGS_set=
ac_cv_env_CFLAGS_value=
ac_cv_env_CPPFLAGS_set=
ac_cv_env_CPPFLAGS_value=
ac_cv_env_CPP_set=
ac_cv_env_CPP_value=
ac_cv_env_LDFLAGS_set=
ac_cv_env_LDFLAGS_value=
ac_cv_env_LIBS_set=
ac_cv_env_LIBS_value=
ac_cv_env_build_alias_set=
ac_cv_env_build_alias_value=
ac_cv_env_host_alias_set=
ac_cv_env_host_alias_value=
ac_cv_env_target_alias_set=
ac_cv_env_target_alias_value=
ac_cv_header_dlfcn_h=yes
ac_cv_header_inttypes_h=yes
ac_cv_header_memory_h=yes
ac_cv_header_stdc=yes
ac_cv_header_stdint_h=yes
ac_cv_header_stdlib_h=yes
ac_cv_header_string_h=yes
ac_cv_header_strings_h=yes
ac_cv_header_sys_stat_h=yes
ac_cv_header_sys_types_h=yes
ac_cv_header_unistd_h=yes
ac_cv_host=x86_64-unknown-linux-gnu
ac_cv_lib_krb5_krb5_c_random_make_octets=no
ac_cv_lib_krb5_krb5_cc_new_unique=yes
ac_cv_lib_krb5_krb5_get_error_message=yes
ac_cv_lib_krb5_krb5_random_confounder=no
ac_cv_objext=o
ac_cv_path_EGREP='/bin/grep -E'
ac_cv_path_FGREP='/bin/grep -F'
ac_cv_path_GREP=/bin/grep
ac_cv_path_SED=/bin/sed
ac_cv_prog_AWK=nawk
ac_cv_prog_CPP='cc -E'
ac_cv_prog_RE2C=re2c
ac_cv_prog_ac_ct_AR=ar
ac_cv_prog_ac_ct_CC=cc
ac_cv_prog_ac_ct_MANIFEST_TOOL=mt
ac_cv_prog_ac_ct_OBJDUMP=objdump
ac_cv_prog_ac_ct_RANLIB=ranlib
ac_cv_prog_ac_ct_STRIP=strip
ac_cv_prog_cc_c89=
ac_cv_prog_cc_cc_c_o=yes
ac_cv_prog_cc_g=yes
ac_cv_target=x86_64-unknown-linux-gnu
lt_cv_ar_at_file=@
lt_cv_archive_cmds_need_lc=no
lt_cv_deplibs_check_method=pass_all
lt_cv_file_magic_cmd='$MAGIC_CMD'
lt_cv_file_magic_test_file=
lt_cv_ld_reload_flag=-r
lt_cv_nm_interface='BSD nm'
lt_cv_objdir=.libs
lt_cv_path_LD=/usr/bin/ld
lt_cv_path_NM='/usr/bin/nm -B'
lt_cv_path_mainfest_tool=no
lt_cv_prog_compiler_c_o=yes
lt_cv_prog_compiler_pic='-fPIC -DPIC'
lt_cv_prog_compiler_pic_works=yes
lt_cv_prog_compiler_rtti_exceptions=no
lt_cv_prog_compiler_static_works=yes
lt_cv_prog_gnu_ld=yes
lt_cv_sharedlib_from_linklib_cmd='printf %s\n'
lt_cv_shlibpath_overrides_runpath=no
lt_cv_sys_global_symbol_pipe='sed -n -e '\''s/^.*[	 ]\([ABCDGIRSTW][ABCDGIRSTW]*\)[	 ][	 ]*\([_A-Za-z][_A-Za-z0-9]*\)$/\1 \2 \2/p'\'' | sed '\''/ __gnu_lto/d'\'''
lt_cv_sys_global_symbol_to_c_name_address='sed -n -e '\''s/^: \([^ ]*\)[ ]*$/  {\"\1\", (void *) 0},/p'\'' -e '\''s/^[ABCDGIRSTW]* \([^ ]*\) \([^ ]*\)$/  {"\2", (void *) \&\2},/p'\'''
lt_cv_sys_global_symbol_to_c_name_address_lib_prefix='sed -n -e '\''s/^: \([^ ]*\)[ ]*$/  {\"\1\", (void *) 0},/p'\'' -e '\''s/^[ABCDGIRSTW]* \([^ ]*\) \(lib[^ ]*\)$/  {"\2", (void *) \&\2},/p'\'' -e '\''s/^[ABCDGIRSTW]* \([^ ]*\) \([^ ]*\)$/  {"lib\2", (void *) \&\2},/p'\'''
lt_cv_sys_global_symbol_to_cdecl='sed -n -e '\''s/^T .* \(.*\)$/extern int \1();/p'\'' -e '\''s/^[ABCDGIRSTW]* .* \(.*\)$/extern char \1;/p'\'''
lt_cv_sys_max_cmd_len=1572864
lt_cv_to_host_file_cmd=func_convert_file_noop
lt_cv_to_tool_file_cmd=func_convert_file_noop
php_cv_cc_dashr=no
php_cv_cc_rpath=yes
php_cv_re2c_version='0.13.5 (ok)'

## ----------------- ##
## Output variables. ##
## ----------------- ##

AR='ar'
AWK='nawk'
CC='cc'
CFLAGS='-Wall -g -O2'
CONFIGURE_COMMAND=' '\''./configure'\''  '\''--with-krb5kadm'\'''
CONFIGURE_OPTIONS=' '\''--with-krb5kadm'\'''
CPP='cc -E'
CPPFLAGS=' -DHAVE_CONFIG_H'
DEFS='-DHAVE_CONFIG_H'
DLLTOOL='false'
DSYMUTIL=''
DUMPBIN=''
ECHO_C=''
ECHO_N='-n'
ECHO_T=''
EGREP='/bin/grep -E'
EXEEXT=''
FGREP='/bin/grep -F'
GREP='/bin/grep'
LD='/usr/bin/ld -m elf_x86_64'
LDFLAGS=''
LIBOBJS=''
LIBS=''
LIBTOOL='$(SHELL) $(top_builddir)/libtool'
LIPO=''
LN_S='ln -s'
LTLIBOBJS=''
MANIFEST_TOOL=':'
NM='/usr/bin/nm -B'
NMEDIT=''
OBJDUMP='objdump'
OBJEXT='o'
OTOOL64=''
OTOOL=''
PACKAGE_BUGREPORT=''
PACKAGE_NAME=''
PACKAGE_STRING=''
PACKAGE_TARNAME=''
PACKAGE_URL=''
PACKAGE_VERSION=''
PATH_SEPARATOR=':'
RANLIB='ranlib'
RE2C='re2c'
SED='/bin/sed'
SHELL='/bin/bash'
SHLIB_DL_SUFFIX_NAME='so'
SHLIB_SUFFIX_NAME='so'
STRIP='strip'
ac_ct_AR='ar'
ac_ct_CC='cc'
ac_ct_DUMPBIN=''
bindir='${exec_prefix}/bin'
build='x86_64-unknown-linux-gnu'
build_alias=''
build_cpu='x86_64'
build_os='linux-gnu'
build_vendor='unknown'
datadir='${datarootdir}'
datarootdir='${prefix}/share'
docdir='${datarootdir}/doc/${PACKAGE}'
dvidir='${docdir}'
exec_prefix='$(prefix)'
host='x86_64-unknown-linux-gnu'
host_alias='x86_64-unknown-linux-gnu'
host_cpu='x86_64'
host_os='linux-gnu'
host_vendor='unknown'
htmldir='${docdir}'
includedir='${prefix}/include'
infodir='${datarootdir}/info'
libdir='${exec_prefix}/lib'
libexecdir='${exec_prefix}/libexec'
localedir='${datarootdir}/locale'
localstatedir='${prefix}/var'
mandir='${datarootdir}/man'
oldincludedir='/usr/include'
pdfdir='${docdir}'
prefix='/usr'
program_transform_name='s,x,x,'
psdir='${docdir}'
sbindir='${exec_prefix}/sbin'
sharedstatedir='${prefix}/com'
sysconfdir='${prefix}/etc'
target='x86_64-unknown-linux-gnu'
target_alias=''
target_cpu='x86_64'
target_os='linux-gnu'
target_vendor='unknown'

## ----------- ##
## confdefs.h. ##
## ----------- ##

/* confdefs.h */
#define PACKAGE_NAME ""
#define PACKAGE_TARNAME ""
#define PACKAGE_VERSION ""
#define PACKAGE_STRING ""
#define PACKAGE_BUGREPORT ""
#define PACKAGE_URL ""
#define HAVE_OFFICIAL_KADM5 /**/
#define HAVE_KRB5_MIT /**/
#define HAVE_KRB5_CC_NEW_UNQIUE /**/
#define HAVE_KRB5_GET_ERROR_MESSAGE /**/
#define HAVE_KADM5 /**/
#define COMPILE_DL_KRB5 1
#define STDC_HEADERS 1
#define HAVE_SYS_TYPES_H 1
#define HAVE_SYS_STAT_H 1
#define HAVE_STDLIB_H 1
#define HAVE_STRING_H 1
#define HAVE_MEMORY_H 1
#define HAVE_STRINGS_H 1
#define HAVE_INTTYPES_H 1
#define HAVE_STDINT_H 1
#define HAVE_UNISTD_H 1
#define HAVE_DLFCN_H 1
#define LT_OBJDIR ".libs/"

configure: exit 0
